
*** Running vivado
    with args -log top.vds -m64 -product Vivado -mode batch -messageDb vivado.pb -notrace -source top.tcl



****** Vivado v2024.1 (64-bit)
  **** SW Build 5076996 on Wed May 22 18:37:14 MDT 2024
  **** IP Build 5075265 on Wed May 22 21:45:21 MDT 2024
  **** SharedData Build 5076995 on Wed May 22 18:29:18 MDT 2024
  **** Start of session at: Wed Dec  4 22:53:05 2024
    ** Copyright 1986-2022 Xilinx, Inc. All Rights Reserved.
    ** Copyright 2022-2024 Advanced Micro Devices, Inc. All Rights Reserved.

source top.tcl -notrace
create_project: Time (s): cpu = 00:00:13 ; elapsed = 00:00:14 . Memory (MB): peak = 536.832 ; gain = 223.188
Command: read_checkpoint -auto_incremental -incremental D:/Backup/awelyting/Year3/HWSynLab/project_2/project_2.srcs/utils_1/imports/synth_1/top.dcp
INFO: [Vivado 12-5825] Read reference checkpoint from D:/Backup/awelyting/Year3/HWSynLab/project_2/project_2.srcs/utils_1/imports/synth_1/top.dcp for incremental synthesis
INFO: [Vivado 12-7989] Please ensure there are no constraint changes
Command: synth_design -top top -part xc7a35tcpg236-1
Starting synth_design
Attempting to get a license for feature 'Synthesis' and/or device 'xc7a35t'
INFO: [Common 17-349] Got license for feature 'Synthesis' and/or device 'xc7a35t'
INFO: [Device 21-403] Loading part xc7a35tcpg236-1
INFO: [Device 21-9227] Part: xc7a35tcpg236-1 does not have CEAM library.
INFO: [Designutils 20-5440] No compile time benefit to using incremental synthesis; A full resynthesis will be run
INFO: [Designutils 20-4379] Flow is switching to default flow due to incremental criteria not met. If you would like to alter this behaviour and have the flow terminate instead, please set the following parameter config_implementation {autoIncr.Synth.RejectBehavior Terminate}
INFO: [Synth 8-7079] Multithreading enabled for synth_design using a maximum of 2 processes.
INFO: [Synth 8-7078] Launching helper process for spawning children vivado processes
WARNING: [Common 17-1361] You have specified a new message control rule that is equivalent to an existing rule with attributes ' -id {17-179}  -suppress '. The existing rule will be replaced.
INFO: [Synth 8-7075] Helper process launched with PID 3280
---------------------------------------------------------------------------------
Starting RTL Elaboration : Time (s): cpu = 00:00:11 ; elapsed = 00:00:12 . Memory (MB): peak = 1390.219 ; gain = 449.785
---------------------------------------------------------------------------------
WARNING: [Synth 8-11121] redeclaration of ANSI port 'clkDiv' is not allowed [D:/Backup/awelyting/Year3/HWSynLab/Lab02/Lab02.srcs/sources_1/new/clockDiv.v:28]
WARNING: [Synth 8-10714] extra semicolon is not allowed here in this dialect; use SystemVerilog mode instead [D:/Backup/awelyting/Year3/HWSynLab/Lab02/Lab02.srcs/sources_1/new/clockDiv.v:32]
WARNING: [Synth 8-11121] redeclaration of ANSI port 'segment' is not allowed [D:/Backup/awelyting/Year3/HWSynLab/Lab02/Lab02.srcs/sources_1/new/segmentDecoder.v:28]
WARNING: [Synth 8-11121] redeclaration of ANSI port 'sout' is not allowed [D:/Backup/awelyting/Year3/HWSynLab/Lab03/Lab03.srcs/sources_1/new/singlePulser.v:29]
WARNING: [Synth 8-11121] redeclaration of ANSI port 'data_in' is not allowed [D:/Backup/awelyting/Year3/HWSynLab/New folder/uart.v:38]
WARNING: [Synth 8-11121] redeclaration of ANSI port 'received' is not allowed [D:/Backup/awelyting/Year3/HWSynLab/New folder/uart.v:40]
INFO: [Synth 8-11241] undeclared symbol 'push', assumed default net type 'wire' [D:/Backup/awelyting/Year3/HWSynLab/VGA Full Screen Text Editor/top.v:40]
INFO: [Synth 8-6157] synthesizing module 'top' [D:/Backup/awelyting/Year3/HWSynLab/VGA Full Screen Text Editor/top.v:3]
INFO: [Synth 8-6157] synthesizing module 'vga_controller' [D:/Backup/awelyting/Year3/HWSynLab/VGA Full Screen Text Editor/vga_controller.v:21]
INFO: [Synth 8-6155] done synthesizing module 'vga_controller' (0#1) [D:/Backup/awelyting/Year3/HWSynLab/VGA Full Screen Text Editor/vga_controller.v:21]
INFO: [Synth 8-6157] synthesizing module 'text_screen_gen' [D:/Backup/awelyting/Year3/HWSynLab/VGA Full Screen Text Editor/text_screen_gen.v:11]
INFO: [Synth 8-6157] synthesizing module 'debounce_chu' [D:/Backup/awelyting/Year3/HWSynLab/VGA Full Screen Text Editor/debounce.v:10]
INFO: [Synth 8-226] default block is never used [D:/Backup/awelyting/Year3/HWSynLab/VGA Full Screen Text Editor/debounce.v:51]
INFO: [Synth 8-6155] done synthesizing module 'debounce_chu' (0#1) [D:/Backup/awelyting/Year3/HWSynLab/VGA Full Screen Text Editor/debounce.v:10]
INFO: [Synth 8-6157] synthesizing module 'singlePulser' [D:/Backup/awelyting/Year3/HWSynLab/Lab03/Lab03.srcs/sources_1/new/singlePulser.v:23]
INFO: [Synth 8-6155] done synthesizing module 'singlePulser' (0#1) [D:/Backup/awelyting/Year3/HWSynLab/Lab03/Lab03.srcs/sources_1/new/singlePulser.v:23]
INFO: [Synth 8-6157] synthesizing module 'ascii_rom' [D:/Backup/awelyting/Year3/HWSynLab/VGA Full Screen Text Editor/ascii_rom.v:21]
INFO: [Synth 8-6155] done synthesizing module 'ascii_rom' (0#1) [D:/Backup/awelyting/Year3/HWSynLab/VGA Full Screen Text Editor/ascii_rom.v:21]
INFO: [Synth 8-6157] synthesizing module 'dual_port_ram' [D:/Backup/awelyting/Year3/HWSynLab/VGA Full Screen Text Editor/simple_dual_one_clock.v:3]
INFO: [Synth 8-6155] done synthesizing module 'dual_port_ram' (0#1) [D:/Backup/awelyting/Year3/HWSynLab/VGA Full Screen Text Editor/simple_dual_one_clock.v:3]
INFO: [Synth 8-6155] done synthesizing module 'text_screen_gen' (0#1) [D:/Backup/awelyting/Year3/HWSynLab/VGA Full Screen Text Editor/text_screen_gen.v:11]
INFO: [Synth 8-6157] synthesizing module 'uart' [D:/Backup/awelyting/Year3/HWSynLab/New folder/uart.v:23]
INFO: [Synth 8-6157] synthesizing module 'clockDiv' [D:/Backup/awelyting/Year3/HWSynLab/Lab02/Lab02.srcs/sources_1/new/clockDiv.v:23]
INFO: [Synth 8-6155] done synthesizing module 'clockDiv' (0#1) [D:/Backup/awelyting/Year3/HWSynLab/Lab02/Lab02.srcs/sources_1/new/clockDiv.v:23]
INFO: [Synth 8-6157] synthesizing module 'uartRx' [D:/Backup/awelyting/Year3/HWSynLab/New folder/uartRx.v:23]
INFO: [Synth 8-6155] done synthesizing module 'uartRx' (0#1) [D:/Backup/awelyting/Year3/HWSynLab/New folder/uartRx.v:23]
INFO: [Synth 8-6157] synthesizing module 'uartTx' [D:/Backup/awelyting/Year3/HWSynLab/New folder/uartTx.v:23]
INFO: [Synth 8-6155] done synthesizing module 'uartTx' (0#1) [D:/Backup/awelyting/Year3/HWSynLab/New folder/uartTx.v:23]
INFO: [Synth 8-6157] synthesizing module 'quadSevenSeg' [D:/Backup/awelyting/Year3/HWSynLab/Lab02/Lab02.srcs/sources_1/new/quadSevenSeg.v:23]
INFO: [Synth 8-6157] synthesizing module 'segmentDecoder' [D:/Backup/awelyting/Year3/HWSynLab/Lab02/Lab02.srcs/sources_1/new/segmentDecoder.v:23]
INFO: [Synth 8-6155] done synthesizing module 'segmentDecoder' (0#1) [D:/Backup/awelyting/Year3/HWSynLab/Lab02/Lab02.srcs/sources_1/new/segmentDecoder.v:23]
WARNING: [Synth 8-567] referenced signal 'num0' should be on the sensitivity list [D:/Backup/awelyting/Year3/HWSynLab/Lab02/Lab02.srcs/sources_1/new/quadSevenSeg.v:59]
WARNING: [Synth 8-567] referenced signal 'num1' should be on the sensitivity list [D:/Backup/awelyting/Year3/HWSynLab/Lab02/Lab02.srcs/sources_1/new/quadSevenSeg.v:59]
WARNING: [Synth 8-567] referenced signal 'num2' should be on the sensitivity list [D:/Backup/awelyting/Year3/HWSynLab/Lab02/Lab02.srcs/sources_1/new/quadSevenSeg.v:59]
WARNING: [Synth 8-567] referenced signal 'num3' should be on the sensitivity list [D:/Backup/awelyting/Year3/HWSynLab/Lab02/Lab02.srcs/sources_1/new/quadSevenSeg.v:59]
INFO: [Synth 8-6155] done synthesizing module 'quadSevenSeg' (0#1) [D:/Backup/awelyting/Year3/HWSynLab/Lab02/Lab02.srcs/sources_1/new/quadSevenSeg.v:23]
INFO: [Synth 8-6155] done synthesizing module 'uart' (0#1) [D:/Backup/awelyting/Year3/HWSynLab/New folder/uart.v:23]
WARNING: [Synth 8-689] width (7) of port connection 'out' does not match port width (8) of module 'uart' [D:/Backup/awelyting/Year3/HWSynLab/VGA Full Screen Text Editor/top.v:42]
INFO: [Synth 8-6155] done synthesizing module 'top' (0#1) [D:/Backup/awelyting/Year3/HWSynLab/VGA Full Screen Text Editor/top.v:3]
---------------------------------------------------------------------------------
Finished RTL Elaboration : Time (s): cpu = 00:00:15 ; elapsed = 00:00:16 . Memory (MB): peak = 1509.164 ; gain = 568.730
---------------------------------------------------------------------------------
---------------------------------------------------------------------------------
Start Handling Custom Attributes
---------------------------------------------------------------------------------
---------------------------------------------------------------------------------
Finished Handling Custom Attributes : Time (s): cpu = 00:00:15 ; elapsed = 00:00:16 . Memory (MB): peak = 1509.164 ; gain = 568.730
---------------------------------------------------------------------------------
---------------------------------------------------------------------------------
Finished RTL Optimization Phase 1 : Time (s): cpu = 00:00:15 ; elapsed = 00:00:16 . Memory (MB): peak = 1509.164 ; gain = 568.730
---------------------------------------------------------------------------------
Netlist sorting complete. Time (s): cpu = 00:00:00 ; elapsed = 00:00:00.014 . Memory (MB): peak = 1509.164 ; gain = 0.000
INFO: [Project 1-570] Preparing netlist for logic optimization

Processing XDC Constraints
Initializing timing engine
Parsing XDC File [D:/Backup/awelyting/Year3/HWSynLab/Basys-3-Master.xdc]
WARNING: [Vivado 12-584] No ports matched 'sw[7]'. [D:/Backup/awelyting/Year3/HWSynLab/Basys-3-Master.xdc:26]
CRITICAL WARNING: [Common 17-55] 'set_property' expects at least one object. [D:/Backup/awelyting/Year3/HWSynLab/Basys-3-Master.xdc:26]
Resolution: If [get_<value>] was used to populate the object, check to make sure this command returns at least one valid object.
WARNING: [Vivado 12-584] No ports matched 'sw[7]'. [D:/Backup/awelyting/Year3/HWSynLab/Basys-3-Master.xdc:27]
CRITICAL WARNING: [Common 17-55] 'set_property' expects at least one object. [D:/Backup/awelyting/Year3/HWSynLab/Basys-3-Master.xdc:27]
Resolution: If [get_<value>] was used to populate the object, check to make sure this command returns at least one valid object.
WARNING: [Vivado 12-584] No ports matched 'sw[8]'. [D:/Backup/awelyting/Year3/HWSynLab/Basys-3-Master.xdc:28]
CRITICAL WARNING: [Common 17-55] 'set_property' expects at least one object. [D:/Backup/awelyting/Year3/HWSynLab/Basys-3-Master.xdc:28]
Resolution: If [get_<value>] was used to populate the object, check to make sure this command returns at least one valid object.
WARNING: [Vivado 12-584] No ports matched 'sw[8]'. [D:/Backup/awelyting/Year3/HWSynLab/Basys-3-Master.xdc:29]
CRITICAL WARNING: [Common 17-55] 'set_property' expects at least one object. [D:/Backup/awelyting/Year3/HWSynLab/Basys-3-Master.xdc:29]
Resolution: If [get_<value>] was used to populate the object, check to make sure this command returns at least one valid object.
WARNING: [Vivado 12-584] No ports matched 'sw[9]'. [D:/Backup/awelyting/Year3/HWSynLab/Basys-3-Master.xdc:30]
CRITICAL WARNING: [Common 17-55] 'set_property' expects at least one object. [D:/Backup/awelyting/Year3/HWSynLab/Basys-3-Master.xdc:30]
Resolution: If [get_<value>] was used to populate the object, check to make sure this command returns at least one valid object.
WARNING: [Vivado 12-584] No ports matched 'sw[9]'. [D:/Backup/awelyting/Year3/HWSynLab/Basys-3-Master.xdc:31]
CRITICAL WARNING: [Common 17-55] 'set_property' expects at least one object. [D:/Backup/awelyting/Year3/HWSynLab/Basys-3-Master.xdc:31]
Resolution: If [get_<value>] was used to populate the object, check to make sure this command returns at least one valid object.
WARNING: [Vivado 12-584] No ports matched 'sw[10]'. [D:/Backup/awelyting/Year3/HWSynLab/Basys-3-Master.xdc:32]
CRITICAL WARNING: [Common 17-55] 'set_property' expects at least one object. [D:/Backup/awelyting/Year3/HWSynLab/Basys-3-Master.xdc:32]
Resolution: If [get_<value>] was used to populate the object, check to make sure this command returns at least one valid object.
WARNING: [Vivado 12-584] No ports matched 'sw[10]'. [D:/Backup/awelyting/Year3/HWSynLab/Basys-3-Master.xdc:33]
CRITICAL WARNING: [Common 17-55] 'set_property' expects at least one object. [D:/Backup/awelyting/Year3/HWSynLab/Basys-3-Master.xdc:33]
Resolution: If [get_<value>] was used to populate the object, check to make sure this command returns at least one valid object.
WARNING: [Vivado 12-584] No ports matched 'sw[11]'. [D:/Backup/awelyting/Year3/HWSynLab/Basys-3-Master.xdc:34]
CRITICAL WARNING: [Common 17-55] 'set_property' expects at least one object. [D:/Backup/awelyting/Year3/HWSynLab/Basys-3-Master.xdc:34]
Resolution: If [get_<value>] was used to populate the object, check to make sure this command returns at least one valid object.
WARNING: [Vivado 12-584] No ports matched 'sw[11]'. [D:/Backup/awelyting/Year3/HWSynLab/Basys-3-Master.xdc:35]
CRITICAL WARNING: [Common 17-55] 'set_property' expects at least one object. [D:/Backup/awelyting/Year3/HWSynLab/Basys-3-Master.xdc:35]
Resolution: If [get_<value>] was used to populate the object, check to make sure this command returns at least one valid object.
WARNING: [Vivado 12-584] No ports matched 'sw[12]'. [D:/Backup/awelyting/Year3/HWSynLab/Basys-3-Master.xdc:36]
CRITICAL WARNING: [Common 17-55] 'set_property' expects at least one object. [D:/Backup/awelyting/Year3/HWSynLab/Basys-3-Master.xdc:36]
Resolution: If [get_<value>] was used to populate the object, check to make sure this command returns at least one valid object.
WARNING: [Vivado 12-584] No ports matched 'sw[12]'. [D:/Backup/awelyting/Year3/HWSynLab/Basys-3-Master.xdc:37]
CRITICAL WARNING: [Common 17-55] 'set_property' expects at least one object. [D:/Backup/awelyting/Year3/HWSynLab/Basys-3-Master.xdc:37]
Resolution: If [get_<value>] was used to populate the object, check to make sure this command returns at least one valid object.
WARNING: [Vivado 12-584] No ports matched 'sw[13]'. [D:/Backup/awelyting/Year3/HWSynLab/Basys-3-Master.xdc:38]
CRITICAL WARNING: [Common 17-55] 'set_property' expects at least one object. [D:/Backup/awelyting/Year3/HWSynLab/Basys-3-Master.xdc:38]
Resolution: If [get_<value>] was used to populate the object, check to make sure this command returns at least one valid object.
WARNING: [Vivado 12-584] No ports matched 'sw[13]'. [D:/Backup/awelyting/Year3/HWSynLab/Basys-3-Master.xdc:39]
CRITICAL WARNING: [Common 17-55] 'set_property' expects at least one object. [D:/Backup/awelyting/Year3/HWSynLab/Basys-3-Master.xdc:39]
Resolution: If [get_<value>] was used to populate the object, check to make sure this command returns at least one valid object.
WARNING: [Vivado 12-584] No ports matched 'sw[14]'. [D:/Backup/awelyting/Year3/HWSynLab/Basys-3-Master.xdc:40]
CRITICAL WARNING: [Common 17-55] 'set_property' expects at least one object. [D:/Backup/awelyting/Year3/HWSynLab/Basys-3-Master.xdc:40]
Resolution: If [get_<value>] was used to populate the object, check to make sure this command returns at least one valid object.
WARNING: [Vivado 12-584] No ports matched 'sw[14]'. [D:/Backup/awelyting/Year3/HWSynLab/Basys-3-Master.xdc:41]
CRITICAL WARNING: [Common 17-55] 'set_property' expects at least one object. [D:/Backup/awelyting/Year3/HWSynLab/Basys-3-Master.xdc:41]
Resolution: If [get_<value>] was used to populate the object, check to make sure this command returns at least one valid object.
Finished Parsing XDC File [D:/Backup/awelyting/Year3/HWSynLab/Basys-3-Master.xdc]
INFO: [Project 1-236] Implementation specific constraints were found while reading constraint file [D:/Backup/awelyting/Year3/HWSynLab/Basys-3-Master.xdc]. These constraints will be ignored for synthesis but will be used in implementation. Impacted constraints are listed in the file [.Xil/top_propImpl.xdc].
Resolution: To avoid this warning, move constraints listed in [.Xil/top_propImpl.xdc] to another XDC file and exclude this new file from synthesis with the used_in_synthesis property (File Properties dialog in GUI) and re-run elaboration/synthesis.
Completed Processing XDC Constraints

Netlist sorting complete. Time (s): cpu = 00:00:00 ; elapsed = 00:00:00.001 . Memory (MB): peak = 1558.672 ; gain = 0.000
INFO: [Project 1-111] Unisim Transformation Summary:
No Unisim elements were transformed.

Constraint Validation Runtime : Time (s): cpu = 00:00:00 ; elapsed = 00:00:00.008 . Memory (MB): peak = 1558.672 ; gain = 0.000
INFO: [Designutils 20-5440] No compile time benefit to using incremental synthesis; A full resynthesis will be run
INFO: [Designutils 20-4379] Flow is switching to default flow due to incremental criteria not met. If you would like to alter this behaviour and have the flow terminate instead, please set the following parameter config_implementation {autoIncr.Synth.RejectBehavior Terminate}
---------------------------------------------------------------------------------
Finished Constraint Validation : Time (s): cpu = 00:00:31 ; elapsed = 00:00:32 . Memory (MB): peak = 1558.672 ; gain = 618.238
---------------------------------------------------------------------------------
---------------------------------------------------------------------------------
Start Loading Part and Timing Information
---------------------------------------------------------------------------------
Loading part: xc7a35tcpg236-1
---------------------------------------------------------------------------------
Finished Loading Part and Timing Information : Time (s): cpu = 00:00:31 ; elapsed = 00:00:32 . Memory (MB): peak = 1558.672 ; gain = 618.238
---------------------------------------------------------------------------------
---------------------------------------------------------------------------------
Start Applying 'set_property' XDC Constraints
---------------------------------------------------------------------------------
---------------------------------------------------------------------------------
Finished applying 'set_property' XDC Constraints : Time (s): cpu = 00:00:31 ; elapsed = 00:00:32 . Memory (MB): peak = 1558.672 ; gain = 618.238
---------------------------------------------------------------------------------
INFO: [Synth 8-802] inferred FSM for state register 'state_reg_reg' in module 'debounce_chu'
INFO: [Synth 8-802] inferred FSM for state register 'ps_reg' in module 'singlePulser'
INFO: [Synth 8-802] inferred FSM for state register 'r_SM_Main_reg' in module 'uartTx'
---------------------------------------------------------------------------------------------------
                   State |                     New Encoding |                Previous Encoding 
---------------------------------------------------------------------------------------------------
                    zero |                               00 |                               00
                   wait1 |                               01 |                               11
                     one |                               10 |                               10
                   wait0 |                               11 |                               01
---------------------------------------------------------------------------------------------------
INFO: [Synth 8-3354] encoded FSM with state register 'state_reg_reg' using encoding 'sequential' in module 'debounce_chu'
---------------------------------------------------------------------------------------------------
                   State |                     New Encoding |                Previous Encoding 
---------------------------------------------------------------------------------------------------
                 iSTATE0 |                              001 |                               00
                  iSTATE |                              010 |                               01
                 iSTATE1 |                              100 |                               11
---------------------------------------------------------------------------------------------------
INFO: [Synth 8-3354] encoded FSM with state register 'ps_reg' using encoding 'one-hot' in module 'singlePulser'
WARNING: [Synth 8-6430] The Block RAM "dual_port_ram:/ram_reg" may get memory collision error if read and write address collide. Use attribute (* rw_addr_collision= "yes" *) to avoid collision 
---------------------------------------------------------------------------------------------------
                   State |                     New Encoding |                Previous Encoding 
---------------------------------------------------------------------------------------------------
                  s_IDLE |                              000 |                              000
          s_TX_START_BIT |                              001 |                              001
          s_TX_DATA_BITS |                              010 |                              010
           s_TX_STOP_BIT |                              011 |                              011
               s_CLEANUP |                              100 |                              100
---------------------------------------------------------------------------------------------------
INFO: [Synth 8-3354] encoded FSM with state register 'r_SM_Main_reg' using encoding 'sequential' in module 'uartTx'
---------------------------------------------------------------------------------
Finished RTL Optimization Phase 2 : Time (s): cpu = 00:00:32 ; elapsed = 00:00:33 . Memory (MB): peak = 1558.672 ; gain = 618.238
---------------------------------------------------------------------------------
---------------------------------------------------------------------------------
Start RTL Component Statistics 
---------------------------------------------------------------------------------
Detailed RTL Component Info : 
+---Adders : 
	   2 Input   21 Bit       Adders := 5     
	   2 Input   16 Bit       Adders := 1     
	   2 Input   10 Bit       Adders := 2     
	   2 Input    7 Bit       Adders := 1     
	   2 Input    5 Bit       Adders := 1     
	   2 Input    4 Bit       Adders := 1     
	   2 Input    3 Bit       Adders := 2     
	   2 Input    2 Bit       Adders := 2     
+---Registers : 
	               21 Bit    Registers := 5     
	               16 Bit    Registers := 1     
	               12 Bit    Registers := 3     
	               11 Bit    Registers := 1     
	               10 Bit    Registers := 8     
	                8 Bit    Registers := 2     
	                7 Bit    Registers := 1     
	                5 Bit    Registers := 1     
	                4 Bit    Registers := 1     
	                3 Bit    Registers := 3     
	                2 Bit    Registers := 2     
	                1 Bit    Registers := 28    
+---RAMs : 
	              28K Bit	(4096 X 7 bit)          RAMs := 1     
+---ROMs : 
	                    ROMs := 1     
+---Muxes : 
	   4 Input   21 Bit        Muxes := 5     
	   6 Input   16 Bit        Muxes := 1     
	   5 Input    8 Bit        Muxes := 1     
	   6 Input    8 Bit        Muxes := 1     
	   2 Input    8 Bit        Muxes := 1     
	   4 Input    8 Bit        Muxes := 1     
	   2 Input    7 Bit        Muxes := 2     
	   2 Input    5 Bit        Muxes := 1     
	   6 Input    4 Bit        Muxes := 1     
	   2 Input    4 Bit        Muxes := 1     
	   4 Input    4 Bit        Muxes := 1     
	   3 Input    3 Bit        Muxes := 1     
	   2 Input    3 Bit        Muxes := 9     
	   5 Input    3 Bit        Muxes := 1     
	   4 Input    2 Bit        Muxes := 5     
	   2 Input    2 Bit        Muxes := 16    
	   3 Input    2 Bit        Muxes := 1     
	   2 Input    1 Bit        Muxes := 16    
	   4 Input    1 Bit        Muxes := 15    
	   3 Input    1 Bit        Muxes := 2     
	   6 Input    1 Bit        Muxes := 3     
	   5 Input    1 Bit        Muxes := 12    
---------------------------------------------------------------------------------
Finished RTL Component Statistics 
---------------------------------------------------------------------------------
---------------------------------------------------------------------------------
Start Part Resource Summary
---------------------------------------------------------------------------------
Part Resources:
DSPs: 90 (col length:60)
BRAMs: 100 (col length: RAMB18 60 RAMB36 30)
---------------------------------------------------------------------------------
Finished Part Resource Summary
---------------------------------------------------------------------------------
---------------------------------------------------------------------------------
Start Cross Boundary and Area Optimization
---------------------------------------------------------------------------------
WARNING: [Synth 8-7080] Parallel synthesis criteria is not met
WARNING: [Synth 8-3917] design top has port dp driven by constant 1
RAM Pipeline Warning: Read Address Register Found For RAM tsg/dp_ram/ram_reg. We will not be able to pipeline it. This may degrade performance. 
RAM Pipeline Warning: Read Address Register Found For RAM tsg/dp_ram/ram_reg. We will not be able to pipeline it. This may degrade performance. 
RAM Pipeline Warning: Read Address Register Found For RAM tsg/dp_ram/ram_reg. We will not be able to pipeline it. This may degrade performance. 
WARNING: [Synth 8-6430] The Block RAM "top/tsg/dp_ram/ram_reg" may get memory collision error if read and write address collide. Use attribute (* rw_addr_collision= "yes" *) to avoid collision 
RAM Pipeline Warning: Read Address Register Found For RAM tsg/dp_ram/ram_reg. We will not be able to pipeline it. This may degrade performance. 
WARNING: [Synth 8-3332] Sequential element (tsg/db_left/FSM_sequential_state_reg_reg[1]) is unused and will be removed from module top.
WARNING: [Synth 8-3332] Sequential element (tsg/db_left/FSM_sequential_state_reg_reg[0]) is unused and will be removed from module top.
WARNING: [Synth 8-3332] Sequential element (tsg/db_up/FSM_sequential_state_reg_reg[1]) is unused and will be removed from module top.
WARNING: [Synth 8-3332] Sequential element (tsg/db_up/FSM_sequential_state_reg_reg[0]) is unused and will be removed from module top.
WARNING: [Synth 8-3332] Sequential element (tsg/db_down/FSM_sequential_state_reg_reg[1]) is unused and will be removed from module top.
WARNING: [Synth 8-3332] Sequential element (tsg/db_down/FSM_sequential_state_reg_reg[0]) is unused and will be removed from module top.
WARNING: [Synth 8-3332] Sequential element (tsg/db_right/FSM_sequential_state_reg_reg[1]) is unused and will be removed from module top.
WARNING: [Synth 8-3332] Sequential element (tsg/db_right/FSM_sequential_state_reg_reg[0]) is unused and will be removed from module top.
---------------------------------------------------------------------------------
Finished Cross Boundary and Area Optimization : Time (s): cpu = 00:00:38 ; elapsed = 00:00:40 . Memory (MB): peak = 1558.672 ; gain = 618.238
---------------------------------------------------------------------------------
---------------------------------------------------------------------------------
Start ROM, RAM, DSP, Shift Register and Retiming Reporting
---------------------------------------------------------------------------------

ROM: Preliminary Mapping Report
+---------------+--------------------------+---------------+----------------+
|Module Name    | RTL Object               | Depth x Width | Implemented As | 
+---------------+--------------------------+---------------+----------------+
|segmentDecoder | segment                  | 128x7         | LUT            | 
|top            | tsg/a_rom/addr_reg_reg   | 2048x8        | Block RAM      | 
|top            | uart/q7seg/segDe/segment | 128x7         | LUT            | 
+---------------+--------------------------+---------------+----------------+


Block RAM: Preliminary Mapping Report (see note below)
+------------+--------------------+------------------------+---+---+------------------------+---+---+------------------+--------+--------+
|Module Name | RTL Object         | PORT A (Depth x Width) | W | R | PORT B (Depth x Width) | W | R | Ports driving FF | RAMB18 | RAMB36 | 
+------------+--------------------+------------------------+---+---+------------------------+---+---+------------------+--------+--------+
|top         | tsg/dp_ram/ram_reg | 4 K x 7(READ_FIRST)    | W |   | 4 K x 7(WRITE_FIRST)   |   | R | Port A and B     | 0      | 1      | 
+------------+--------------------+------------------------+---+---+------------------------+---+---+------------------+--------+--------+

Note: The table above is a preliminary report that shows the Block RAMs at the current stage of the synthesis flow. Some Block RAMs may be reimplemented as non Block RAM primitives later in the synthesis flow. Multiple instantiated Block RAMs are reported only once. 
---------------------------------------------------------------------------------
Finished ROM, RAM, DSP, Shift Register and Retiming Reporting
---------------------------------------------------------------------------------
---------------------------------------------------------------------------------
Start Applying XDC Timing Constraints
---------------------------------------------------------------------------------
---------------------------------------------------------------------------------
Finished Applying XDC Timing Constraints : Time (s): cpu = 00:00:49 ; elapsed = 00:00:51 . Memory (MB): peak = 1558.672 ; gain = 618.238
---------------------------------------------------------------------------------
---------------------------------------------------------------------------------
Start Timing Optimization
---------------------------------------------------------------------------------
---------------------------------------------------------------------------------
Finished Timing Optimization : Time (s): cpu = 00:00:50 ; elapsed = 00:00:52 . Memory (MB): peak = 1558.672 ; gain = 618.238
---------------------------------------------------------------------------------
---------------------------------------------------------------------------------
Start ROM, RAM, DSP, Shift Register and Retiming Reporting
---------------------------------------------------------------------------------

Block RAM: Final Mapping Report
+------------+--------------------+------------------------+---+---+------------------------+---+---+------------------+--------+--------+
|Module Name | RTL Object         | PORT A (Depth x Width) | W | R | PORT B (Depth x Width) | W | R | Ports driving FF | RAMB18 | RAMB36 | 
+------------+--------------------+------------------------+---+---+------------------------+---+---+------------------+--------+--------+
|top         | tsg/dp_ram/ram_reg | 4 K x 7(READ_FIRST)    | W |   | 4 K x 7(WRITE_FIRST)   |   | R | Port A and B     | 0      | 1      | 
+------------+--------------------+------------------------+---+---+------------------------+---+---+------------------+--------+--------+

---------------------------------------------------------------------------------
Finished ROM, RAM, DSP, Shift Register and Retiming Reporting
---------------------------------------------------------------------------------
---------------------------------------------------------------------------------
Start Technology Mapping
---------------------------------------------------------------------------------
INFO: [Synth 8-7052] The timing for the instance tsg/dp_ram/ram_reg (implemented as a Block RAM) might be sub-optimal as no optional output register could be merged into the ram block. Providing additional output register may help in improving timing.
INFO: [Synth 8-7052] The timing for the instance tsg/a_rom/addr_reg_reg (implemented as a Block RAM) might be sub-optimal as no optional output register could be merged into the ram block. Providing additional output register may help in improving timing.
---------------------------------------------------------------------------------
Finished Technology Mapping : Time (s): cpu = 00:00:50 ; elapsed = 00:00:52 . Memory (MB): peak = 1558.672 ; gain = 618.238
---------------------------------------------------------------------------------
---------------------------------------------------------------------------------
Start IO Insertion
---------------------------------------------------------------------------------
---------------------------------------------------------------------------------
Start Flattening Before IO Insertion
---------------------------------------------------------------------------------
---------------------------------------------------------------------------------
Finished Flattening Before IO Insertion
---------------------------------------------------------------------------------
---------------------------------------------------------------------------------
Start Final Netlist Cleanup
---------------------------------------------------------------------------------
---------------------------------------------------------------------------------
Finished Final Netlist Cleanup
---------------------------------------------------------------------------------
---------------------------------------------------------------------------------
Finished IO Insertion : Time (s): cpu = 00:01:00 ; elapsed = 00:01:02 . Memory (MB): peak = 1558.672 ; gain = 618.238
---------------------------------------------------------------------------------
---------------------------------------------------------------------------------
Start Renaming Generated Instances
---------------------------------------------------------------------------------
---------------------------------------------------------------------------------
Finished Renaming Generated Instances : Time (s): cpu = 00:01:00 ; elapsed = 00:01:02 . Memory (MB): peak = 1558.672 ; gain = 618.238
---------------------------------------------------------------------------------
---------------------------------------------------------------------------------
Start Rebuilding User Hierarchy
---------------------------------------------------------------------------------
---------------------------------------------------------------------------------
Finished Rebuilding User Hierarchy : Time (s): cpu = 00:01:00 ; elapsed = 00:01:02 . Memory (MB): peak = 1558.672 ; gain = 618.238
---------------------------------------------------------------------------------
---------------------------------------------------------------------------------
Start Renaming Generated Ports
---------------------------------------------------------------------------------
---------------------------------------------------------------------------------
Finished Renaming Generated Ports : Time (s): cpu = 00:01:00 ; elapsed = 00:01:02 . Memory (MB): peak = 1558.672 ; gain = 618.238
---------------------------------------------------------------------------------
---------------------------------------------------------------------------------
Start Handling Custom Attributes
---------------------------------------------------------------------------------
---------------------------------------------------------------------------------
Finished Handling Custom Attributes : Time (s): cpu = 00:01:00 ; elapsed = 00:01:02 . Memory (MB): peak = 1558.672 ; gain = 618.238
---------------------------------------------------------------------------------
---------------------------------------------------------------------------------
Start Renaming Generated Nets
---------------------------------------------------------------------------------
---------------------------------------------------------------------------------
Finished Renaming Generated Nets : Time (s): cpu = 00:01:00 ; elapsed = 00:01:02 . Memory (MB): peak = 1558.672 ; gain = 618.238
---------------------------------------------------------------------------------
---------------------------------------------------------------------------------
Start Writing Synthesis Report
---------------------------------------------------------------------------------

Report BlackBoxes: 
+-+--------------+----------+
| |BlackBox name |Instances |
+-+--------------+----------+
+-+--------------+----------+

Report Cell Usage: 
+------+---------+------+
|      |Cell     |Count |
+------+---------+------+
|1     |BUFG     |     1|
|2     |CARRY4   |    13|
|3     |LUT1     |    44|
|4     |LUT2     |    36|
|5     |LUT3     |    17|
|6     |LUT4     |    49|
|7     |LUT5     |    32|
|8     |LUT6     |    82|
|9     |RAMB18E1 |     1|
|10    |RAMB36E1 |     1|
|11    |FDCE     |   109|
|12    |FDRE     |    91|
|13    |IBUF     |    11|
|14    |OBUF     |    27|
+------+---------+------+
---------------------------------------------------------------------------------
Finished Writing Synthesis Report : Time (s): cpu = 00:01:00 ; elapsed = 00:01:02 . Memory (MB): peak = 1558.672 ; gain = 618.238
---------------------------------------------------------------------------------
Synthesis finished with 0 errors, 0 critical warnings and 12 warnings.
Synthesis Optimization Runtime : Time (s): cpu = 00:00:41 ; elapsed = 00:00:58 . Memory (MB): peak = 1558.672 ; gain = 568.730
Synthesis Optimization Complete : Time (s): cpu = 00:01:00 ; elapsed = 00:01:02 . Memory (MB): peak = 1558.672 ; gain = 618.238
INFO: [Project 1-571] Translating synthesized netlist
Netlist sorting complete. Time (s): cpu = 00:00:00 ; elapsed = 00:00:00.008 . Memory (MB): peak = 1558.672 ; gain = 0.000
INFO: [Netlist 29-17] Analyzing 15 Unisim elements for replacement
INFO: [Netlist 29-28] Unisim Transformation completed in 0 CPU seconds
INFO: [Project 1-570] Preparing netlist for logic optimization
INFO: [Opt 31-138] Pushed 0 inverter(s) to 0 load pin(s).
Netlist sorting complete. Time (s): cpu = 00:00:00 ; elapsed = 00:00:00 . Memory (MB): peak = 1558.672 ; gain = 0.000
INFO: [Project 1-111] Unisim Transformation Summary:
No Unisim elements were transformed.

Synth Design complete | Checksum: bc318800
INFO: [Common 17-83] Releasing license: Synthesis
58 Infos, 40 Warnings, 16 Critical Warnings and 0 Errors encountered.
synth_design completed successfully
synth_design: Time (s): cpu = 00:01:11 ; elapsed = 00:01:15 . Memory (MB): peak = 1558.672 ; gain = 1017.062
INFO: [runtcl-6] Synthesis results are not added to the cache due to CRITICAL_WARNING
Write ShapeDB Complete: Time (s): cpu = 00:00:00 ; elapsed = 00:00:00.003 . Memory (MB): peak = 1558.672 ; gain = 0.000
INFO: [Common 17-1381] The checkpoint 'D:/Backup/awelyting/Year3/HWSynLab/project_2/project_2.runs/synth_1/top.dcp' has been generated.
INFO: [Vivado 12-24828] Executing command : report_utilization -file top_utilization_synth.rpt -pb top_utilization_synth.pb
INFO: [Common 17-206] Exiting Vivado at Wed Dec  4 22:54:39 2024...
