Copyright 1986-2022 Xilinx, Inc. All Rights Reserved. Copyright 2022-2024 Advanced Micro Devices, Inc. All Rights Reserved.
---------------------------------------------------------------------------------------------------------------------------------------------
| Tool Version : Vivado v.2024.1 (win64) Build 5076996 Wed May 22 18:37:14 MDT 2024
| Date         : Mon Dec  9 07:50:11 2024
| Host         : DESKTOP-HEPM84F running 64-bit major release  (build 9200)
| Command      : report_drc -file top_drc_routed.rpt -pb top_drc_routed.pb -rpx top_drc_routed.rpx
| Design       : top
| Device       : xc7a35tcpg236-1
| Speed File   : -1
| Design State : Fully Routed
---------------------------------------------------------------------------------------------------------------------------------------------

Report DRC

Table of Contents
-----------------
1. REPORT SUMMARY
2. REPORT DETAILS

1. REPORT SUMMARY
-----------------
            Netlist: netlist
          Floorplan: design_1
      Design limits: <entire design considered>
           Ruledeck: default
             Max violations: <unlimited>
             Violations found: 2
+-------------+----------+-------------------------------------------------------------+------------+
| Rule        | Severity | Description                                                 | Violations |
+-------------+----------+-------------------------------------------------------------+------------+
| PDRC-153    | Warning  | Gated clock check                                           | 1          |
| PLHOLDVIO-2 | Warning  | Non-Optimal connections which could lead to hold violations | 1          |
+-------------+----------+-------------------------------------------------------------+------------+

2. REPORT DETAILS
-----------------
PDRC-153#1 Warning
Gated clock check  
Net vga/w_p_tick is a gated clock net sourced by a combinational pin vga/h_count_next[9]_i_2/O, cell vga/h_count_next[9]_i_2. This is not good design practice and will likely impact performance. For SLICE registers, for example, use the CE pin to control the loading of data.
Related violations: <none>

PLHOLDVIO-2#1 Warning
Non-Optimal connections which could lead to hold violations  
A LUT vga/h_count_next[9]_i_2 is driving clock pin of 20 cells. This could lead to large hold time violations. Involved cells are:
vga/h_count_next_reg[0], vga/h_count_next_reg[1], vga/h_count_next_reg[2],
vga/h_count_next_reg[3], vga/h_count_next_reg[4], vga/h_count_next_reg[5],
vga/h_count_next_reg[6], vga/h_count_next_reg[7], vga/h_count_next_reg[8],
vga/h_count_next_reg[9], vga/v_count_next_reg[0], vga/v_count_next_reg[1],
vga/v_count_next_reg[2], vga/v_count_next_reg[3], vga/v_count_next_reg[4]
 (the first 15 of 20 listed)
Related violations: <none>


